<?xml version="1.0" encoding="UTF-8"?>
<!-- Generated by org.testng.reporters.JUnitXMLReporter -->
<testsuite hostname="WL354278" ignored="0" name="Test7" tests="1" failures="1" timestamp="14 paź 2019 20:34:42 GMT" time="75.945" errors="0">
  <testcase name="mainMenuTabs" time="65.478" classname="practice.HomePage_TopMenu_NewWindows">
    <failure type="java.lang.AssertionError" message="Lists differ at element [2]: BBC - Future - Home != BBC - Homepage expected [BBC - Future - Home] but found [BBC - Homepage]">
      <![CDATA[java.lang.AssertionError: Lists differ at element [2]: BBC - Future - Home != BBC - Homepage expected [BBC - Future - Home] but found [BBC - Homepage]
at practice.HomePage_TopMenu_NewWindows.mainMenuTabs(HomePage_TopMenu_NewWindows.java:117)
... Removed 30 stack frames]]>
    </failure>
  </testcase> <!-- mainMenuTabs -->
</testsuite> <!-- Test7 -->
