<?xml version="1.0" encoding="UTF-8"?>
<!-- Generated by org.testng.reporters.JUnitXMLReporter -->
<testsuite hostname="WL354278" ignored="0" name="Test9" tests="1" failures="1" timestamp="14 paź 2019 20:35:20 GMT" time="15.863" errors="0">
  <testcase name="languageList" time="2.444" classname="practice.Weather_Settings_Language">
    <failure type="org.openqa.selenium.ElementClickInterceptedException" message="element click intercepted: Element &amp;lt;div class=&amp;quot;wr-c-settings-slice__language wr-c-settings-slice__language--en wr-c-settings-slice__language--selected gs-u-pr-alt+&amp;quot; data-reactid=&amp;quot;.1zhhkefvwcg.0.1.0.1.0:$0&amp;quot;&amp;gt;...&amp;lt;/div&amp;gt; is not clickable at point (151, 519). Other element would receive the click: &amp;lt;div id=&amp;quot;bbccookies&amp;quot; style=&amp;quot;display: block;&amp;quot; class=&amp;quot;bbccookies-banner orb-banner-wrapper bbccookies-d&amp;quot;&amp;gt;...&amp;lt;/div&amp;gt;
  (Session info: chrome=77.0.3865.90)
Build info: version: &amp;apos;3.141.59&amp;apos;, revision: &amp;apos;e82be7d358&amp;apos;, time: &amp;apos;2018-11-14T08:25:48&amp;apos;
System info: host: &amp;apos;WL354278&amp;apos;, ip: &amp;apos;192.168.0.103&amp;apos;, os.name: &amp;apos;Windows 10&amp;apos;, os.arch: &amp;apos;x86&amp;apos;, os.version: &amp;apos;10.0&amp;apos;, java.version: &amp;apos;1.8.0_131&amp;apos;
Driver info: org.openqa.selenium.chrome.ChromeDriver
Capabilities {acceptInsecureCerts: false, browserName: chrome, browserVersion: 77.0.3865.90, chrome: {chromedriverVersion: 77.0.3865.40 (f484704e052e0..., userDataDir: C:\Users\hrycijoa\AppData\L...}, goog:chromeOptions: {debuggerAddress: localhost:50053}, javascriptEnabled: true, networkConnectionEnabled: false, pageLoadStrategy: normal, platform: XP, platformName: XP, proxy: Proxy(), setWindowRect: true, strictFileInteractability: false, timeouts: {implicit: 0, pageLoad: 300000, script: 30000}, unhandledPromptBehavior: dismiss and notify}
Session ID: 6df6ae9e66175eece9beb685b436a875">
      <![CDATA[org.openqa.selenium.ElementClickInterceptedException: element click intercepted: Element <div class="wr-c-settings-slice__language wr-c-settings-slice__language--en wr-c-settings-slice__language--selected gs-u-pr-alt+" data-reactid=".1zhhkefvwcg.0.1.0.1.0:$0">...</div> is not clickable at point (151, 519). Other element would receive the click: <div id="bbccookies" style="display: block;" class="bbccookies-banner orb-banner-wrapper bbccookies-d">...</div>
  (Session info: chrome=77.0.3865.90)
Build info: version: '3.141.59', revision: 'e82be7d358', time: '2018-11-14T08:25:48'
System info: host: 'WL354278', ip: '192.168.0.103', os.name: 'Windows 10', os.arch: 'x86', os.version: '10.0', java.version: '1.8.0_131'
Driver info: org.openqa.selenium.chrome.ChromeDriver
Capabilities {acceptInsecureCerts: false, browserName: chrome, browserVersion: 77.0.3865.90, chrome: {chromedriverVersion: 77.0.3865.40 (f484704e052e0..., userDataDir: C:\Users\hrycijoa\AppData\L...}, goog:chromeOptions: {debuggerAddress: localhost:50053}, javascriptEnabled: true, networkConnectionEnabled: false, pageLoadStrategy: normal, platform: XP, platformName: XP, proxy: Proxy(), setWindowRect: true, strictFileInteractability: false, timeouts: {implicit: 0, pageLoad: 300000, script: 30000}, unhandledPromptBehavior: dismiss and notify}
Session ID: 6df6ae9e66175eece9beb685b436a875
at org.openqa.selenium.remote.http.W3CHttpResponseCodec.createException(W3CHttpResponseCodec.java:187)
at org.openqa.selenium.remote.http.W3CHttpResponseCodec.decode(W3CHttpResponseCodec.java:122)
at org.openqa.selenium.remote.http.W3CHttpResponseCodec.decode(W3CHttpResponseCodec.java:49)
at org.openqa.selenium.remote.HttpCommandExecutor.execute(HttpCommandExecutor.java:158)
at org.openqa.selenium.remote.service.DriverCommandExecutor.execute(DriverCommandExecutor.java:83)
at org.openqa.selenium.remote.RemoteWebDriver.execute(RemoteWebDriver.java:552)
at org.openqa.selenium.remote.RemoteWebElement.execute(RemoteWebElement.java:285)
at org.openqa.selenium.remote.RemoteWebElement.click(RemoteWebElement.java:84)
at practice.Weather_Settings_Language.languageList(Weather_Settings_Language.java:62)
... Removed 29 stack frames]]>
    </failure>
  </testcase> <!-- languageList -->
</testsuite> <!-- Test9 -->
