<?xml version="1.0" encoding="UTF-8"?>
<!-- Generated by org.testng.reporters.JUnitXMLReporter -->
<testsuite hostname="WL354278" ignored="0" name="TV_Schedule_today" tests="1" failures="1" timestamp="23 lis 2019 23:36:06 GMT" time="5.175" errors="0">
  <testcase name="todaySchedule" time="0.095" classname="practice.TV_Schedule_today">
    <failure type="junit.framework.ComparisonFailure" message="expected:&amp;lt;...4...&amp;gt; but was:&amp;lt;...3...&amp;gt;">
      <![CDATA[junit.framework.ComparisonFailure: expected:<...4...> but was:<...3...>
at junit.framework.Assert.assertEquals(Assert.java:81)
at junit.framework.Assert.assertEquals(Assert.java:87)
at practice.TV_Schedule_today.todaySchedule(TV_Schedule_today.java:64)
... Removed 25 stack frames]]>
    </failure>
  </testcase> <!-- todaySchedule -->
</testsuite> <!-- TV_Schedule_today -->
