<?xml version="1.0" encoding="UTF-8"?>
<!-- Generated by org.testng.reporters.JUnitXMLReporter -->
<testsuite hostname="WL354278" ignored="0" name="Weather_Settings_Wind" tests="1" failures="1" timestamp="23 lis 2019 23:37:06 GMT" time="15.318" errors="0">
  <testcase name="windSpeedList" time="5.303" classname="practice.Weather_Settings_Wind">
    <failure type="junit.framework.AssertionFailedError" message="Wind speed in Miles per hour is not correctly calculated to Kilometres expected:&amp;lt;8.0&amp;gt; but was:&amp;lt;9.0&amp;gt;">
      <![CDATA[junit.framework.AssertionFailedError: Wind speed in Miles per hour is not correctly calculated to Kilometres expected:<8.0> but was:<9.0>
at junit.framework.Assert.fail(Assert.java:47)
at junit.framework.Assert.failNotEquals(Assert.java:282)
at junit.framework.Assert.assertEquals(Assert.java:64)
at practice.Weather_Settings_Wind.windSpeedList(Weather_Settings_Wind.java:77)
... Removed 25 stack frames]]>
    </failure>
  </testcase> <!-- windSpeedList -->
</testsuite> <!-- Weather_Settings_Wind -->
