<?xml version="1.0" encoding="UTF-8"?>
<!-- Generated by org.testng.reporters.JUnitXMLReporter -->
<testsuite hostname="WL354278" ignored="0" name="Weather_Settings_Temperature" tests="1" failures="1" timestamp="24 lis 2019 22:32:04 GMT" time="15.721" errors="0">
  <testcase name="temperatureList" time="6.053" classname="practice.Weather_Settings_Temperature">
    <failure type="junit.framework.AssertionFailedError" message="Celsius temperature is not correctly calculated to Fahrenheit expected:&amp;lt;45.0&amp;gt; but was:&amp;lt;44.0&amp;gt;">
      <![CDATA[junit.framework.AssertionFailedError: Celsius temperature is not correctly calculated to Fahrenheit expected:<45.0> but was:<44.0>
at junit.framework.Assert.fail(Assert.java:47)
at junit.framework.Assert.failNotEquals(Assert.java:282)
at junit.framework.Assert.assertEquals(Assert.java:64)
at practice.Weather_Settings_Temperature.temperatureList(Weather_Settings_Temperature.java:77)
... Removed 25 stack frames]]>
    </failure>
  </testcase> <!-- temperatureList -->
</testsuite> <!-- Weather_Settings_Temperature -->
