<?xml version="1.0" encoding="UTF-8"?>
<!-- Generated by org.testng.reporters.JUnitXMLReporter -->
<testsuite hostname="WL354278" name="Weather_Settings_Temperature" tests="1" failures="1" timestamp="11 Nov 2019 18:49:33 GMT" time="17.351" errors="0">
  <testcase name="temperatureList" time="7.638" classname="practice.Weather_Settings_Temperature">
    <failure type="junit.framework.AssertionFailedError" message="Celsius temperature is not correctly calculated to Fahrenheit expected:&amp;lt;57.0&amp;gt; but was:&amp;lt;58.0&amp;gt;">
      <![CDATA[junit.framework.AssertionFailedError: Celsius temperature is not correctly calculated to Fahrenheit expected:<57.0> but was:<58.0>
	at junit.framework.Assert.fail(Assert.java:47)
	at junit.framework.Assert.failNotEquals(Assert.java:282)
	at junit.framework.Assert.assertEquals(Assert.java:64)
	at practice.Weather_Settings_Temperature.temperatureList(Weather_Settings_Temperature.java:78)
... Removed 28 stack frames]]>
    </failure>
  </testcase> <!-- temperatureList -->
</testsuite> <!-- Weather_Settings_Temperature -->
