<?xml version="1.0" encoding="UTF-8"?>
<testsuite xmlns:xsi="http://www.w3.org/2001/XMLSchema-instance" xsi:noNamespaceSchemaLocation="https://maven.apache.org/surefire/maven-surefire-plugin/xsd/surefire-test-report-3.0.xsd" version="3.0" name="TestSuite" time="173.42" tests="8" errors="0" skipped="0" failures="1">
  <properties>
[...]
</properties>
  <testcase name="mainMenuTabs" classname="practice.HomePage_TopMenu_NewWindows" time="55.593"/>
  <testcase name="regionsNavigation" classname="practice.TV_Schedule_regionAnotherDay" time="7.116"/>
  <testcase name="todaySchedule" classname="practice.TV_Schedule_today" time="0.247"/>
  <testcase name="tomorrowLink" classname="practice.TV_Schedule_tomorrow" time="3.181"/>
  <testcase name="languageList" classname="practice.Weather_Settings_Language" time="22.481"/>
  <testcase name="temperatureList" classname="practice.Weather_Settings_Temperature" time="7.661">
    <failure message="Celsius temperature is not correctly calculated to Fahrenheit expected:&lt;57.0&gt; but was:&lt;58.0&gt;" type="junit.framework.AssertionFailedError"><![CDATA[junit.framework.AssertionFailedError: Celsius temperature is not correctly calculated to Fahrenheit expected:<57.0> but was:<58.0>
	at practice.Weather_Settings_Temperature.temperatureList(Weather_Settings_Temperature.java:78)
]]></failure>
    <system-out><![CDATA[19:49:23.607 [main] INFO  resources.Base - Test name: temperatureList
]]></system-out>
    <system-err><![CDATA[Starting ChromeDriver 77.0.3865.40 (f484704e052e0b556f8030b65b953dce96503217-refs/branch-heads/3865@{#442}) on port 1927
Only local connections are allowed.
Please protect ports used by ChromeDriver and related test frameworks to prevent access by malicious code.
[1573498158.028][WARNING]: This version of ChromeDriver has not been tested with Chrome version 78.
lis 11, 2019 7:49:19 PM org.openqa.selenium.remote.ProtocolHandshake createSession
INFO: Detected dialect: W3C
]]></system-err>
  </testcase>
  <testcase name="tempWindDefault" classname="practice.Weather_Settings_TemperatureWind" time="0.246"/>
  <testcase name="windSpeedList" classname="practice.Weather_Settings_Wind" time="8.581"/>
</testsuite>