-------------------------------------------------------------------------------
Test set: TestSuite
-------------------------------------------------------------------------------
Tests run: 8, Failures: 1, Errors: 0, Skipped: 0, Time elapsed: 173.42 s <<< FAILURE! - in TestSuite
temperatureList(practice.Weather_Settings_Temperature)  Time elapsed: 7.661 s  <<< FAILURE!
junit.framework.AssertionFailedError: Celsius temperature is not correctly calculated to Fahrenheit expected:<57.0> but was:<58.0>
	at practice.Weather_Settings_Temperature.temperatureList(Weather_Settings_Temperature.java:78)

