<?xml version="1.0" encoding="UTF-8"?>
<testng-results skipped="0" failed="0" ignored="0" total="1" passed="1">
  <reporter-output>
  </reporter-output>
  <suite name="Suite" duration-ms="72992" started-at="2019-11-24T20:33:00Z" finished-at="2019-11-24T20:34:13Z">
    <groups>
    </groups>
    <test name="HomePage_TopMenu_NewWindows" duration-ms="72992" started-at="2019-11-24T20:33:00Z" finished-at="2019-11-24T20:34:13Z">
      <class name="practice.HomePage_TopMenu_NewWindows">
        <test-method status="PASS" signature="initialize()[pri:0, instance:practice.HomePage_TopMenu_NewWindows@166e5bd]" name="initialize" is-config="true" duration-ms="11575" started-at="2019-11-24T20:33:00Z" finished-at="2019-11-24T20:33:11Z">
          <reporter-output>
          </reporter-output>
        </test-method> <!-- initialize -->
        <test-method status="PASS" signature="nameBefore(java.lang.reflect.Method)[pri:0, instance:practice.HomePage_TopMenu_NewWindows@166e5bd]" name="nameBefore" is-config="true" duration-ms="17" started-at="2019-11-24T20:33:12Z" finished-at="2019-11-24T20:33:12Z">
          <params>
            <param index="0">
              <value>
                <![CDATA[public void practice.HomePage_TopMenu_NewWindows.mainMenuTabs(java.lang.String,java.lang.String,java.lang.String,java.lang.String,java.lang.String,java.lang.String,java.lang.String,java.lang.String,java.lang.String,java.lang.String,java.lang.String,java.lang.String) throws java.awt.AWTException,java.lang.InterruptedException,java.io.IOException]]>
              </value>
            </param>
          </params>
          <reporter-output>
          </reporter-output>
        </test-method> <!-- nameBefore -->
        <test-method status="PASS" signature="mainMenuTabs(java.lang.String, java.lang.String, java.lang.String, java.lang.String, java.lang.String, java.lang.String, java.lang.String, java.lang.String, java.lang.String, java.lang.String, java.lang.String, java.lang.String)[pri:0, instance:practice.HomePage_TopMenu_NewWindows@166e5bd]" name="mainMenuTabs" duration-ms="59886" started-at="2019-11-24T20:33:12Z" finished-at="2019-11-24T20:34:11Z">
          <params>
            <param index="0">
              <value>
                <![CDATA[BBC Sounds - Music. Radio. Podcasts]]>
              </value>
            </param>
            <param index="1">
              <value>
                <![CDATA[BBC - Homepage]]>
              </value>
            </param>
            <param index="2">
              <value>
                <![CDATA[BBC Weather]]>
              </value>
            </param>
            <param index="3">
              <value>
                <![CDATA[BBC WORLD NEWS North America - Schedules]]>
              </value>
            </param>
            <param index="4">
              <value>
                <![CDATA[BBC - Culture - Music]]>
              </value>
            </param>
            <param index="5">
              <value>
                <![CDATA[Home - BBC News]]>
              </value>
            </param>
            <param index="6">
              <value>
                <![CDATA[BBC - Culture - Home]]>
              </value>
            </param>
            <param index="7">
              <value>
                <![CDATA[Home - BBC Future]]>
              </value>
            </param>
            <param index="8">
              <value>
                <![CDATA[BBC - Travel - Home]]>
              </value>
            </param>
            <param index="9">
              <value>
                <![CDATA[Home - BBC Worklife]]>
              </value>
            </param>
            <param index="10">
              <value>
                <![CDATA[Home - BBC Reel]]>
              </value>
            </param>
            <param index="11">
              <value>
                <![CDATA[Home - BBC Sport]]>
              </value>
            </param>
          </params>
          <reporter-output>
          </reporter-output>
        </test-method> <!-- mainMenuTabs -->
        <test-method status="PASS" signature="teardown()[pri:0, instance:practice.HomePage_TopMenu_NewWindows@166e5bd]" name="teardown" is-config="true" duration-ms="1482" started-at="2019-11-24T20:34:11Z" finished-at="2019-11-24T20:34:13Z">
          <reporter-output>
          </reporter-output>
        </test-method> <!-- teardown -->
      </class> <!-- practice.HomePage_TopMenu_NewWindows -->
    </test> <!-- HomePage_TopMenu_NewWindows -->
  </suite> <!-- Suite -->
</testng-results>
